# JRE version: OpenJDK Runtime Environment (8.0_152-b06) (build 1.8.0_152-release-1136-b06)
# Java VM: OpenJDK 64-Bit Server VM (25.152-b06 mixed mode linux-amd64 compressed oops)
Heap:
 PSYoungGen      total 444416K, used 251155K [0x00000000e0000000, 0x0000000100000000, 0x0000000100000000)
  eden space 364544K, 68% used [0x00000000e0000000,0x00000000ef544c68,0x00000000f6400000)
  from space 79872K, 0% used [0x00000000f6400000,0x00000000f6400000,0x00000000fb200000)
  to   space 79872K, 0% used [0x00000000fb200000,0x00000000fb200000,0x0000000100000000)
 ParOldGen       total 228864K, used 117420K [0x00000000a0000000, 0x00000000adf80000, 0x00000000e0000000)
  object space 228864K, 51% used [0x00000000a0000000,0x00000000a72ab2d8,0x00000000adf80000)
 Metaspace       used 116016K, capacity 121958K, committed 126592K, reserved 1159168K
  class space    used 14522K, capacity 15866K, committed 16768K, reserved 1048576K
GC Heap History (10 events):
Event: 1239.074 GC heap before
{Heap before GC invocations=23 (full 5):
 PSYoungGen      total 430592K, used 429268K [0x00000000e0000000, 0x0000000100000000, 0x0000000100000000)
  eden space 386048K, 99% used [0x00000000e0000000,0x00000000f7829748,0x00000000f7900000)
  from space 44544K, 98% used [0x00000000f7900000,0x00000000fa40b900,0x00000000fa480000)
  to   space 71680K, 0% used [0x00000000fba00000,0x00000000fba00000,0x0000000100000000)
 ParOldGen       total 228864K, used 144750K [0x00000000a0000000, 0x00000000adf80000, 0x00000000e0000000)
  object space 228864K, 63% used [0x00000000a0000000,0x00000000a8d5b8f8,0x00000000adf80000)
 Metaspace       used 115329K, capacity 121632K, committed 121984K, reserved 1155072K
  class space    used 14687K, capacity 16148K, committed 16256K, reserved 1048576K
Event: 1239.131 GC heap after
Heap after GC invocations=23 (full 5):
 PSYoungGen      total 456192K, used 22082K [0x00000000e0000000, 0x0000000100000000, 0x0000000100000000)
  eden space 384512K, 0% used [0x00000000e0000000,0x00000000e0000000,0x00000000f7780000)
  from space 71680K, 30% used [0x00000000fba00000,0x00000000fcf908e8,0x0000000100000000)
  to   space 68096K, 0% used [0x00000000f7780000,0x00000000f7780000,0x00000000fba00000)
 ParOldGen       total 228864K, used 180680K [0x00000000a0000000, 0x00000000adf80000, 0x00000000e0000000)
  object space 228864K, 78% used [0x00000000a0000000,0x00000000ab0722f0,0x00000000adf80000)
 Metaspace       used 115329K, capacity 121632K, committed 121984K, reserved 1155072K
  class space    used 14687K, capacity 16148K, committed 16256K, reserved 1048576K
}
Event: 1403.539 GC heap before
{Heap before GC invocations=24 (full 5):
 PSYoungGen      total 456192K, used 406594K [0x00000000e0000000, 0x0000000100000000, 0x0000000100000000)
  eden space 384512K, 100% used [0x00000000e0000000,0x00000000f7780000,0x00000000f7780000)
  from space 71680K, 30% used [0x00000000fba00000,0x00000000fcf908e8,0x0000000100000000)
  to   space 68096K, 0% used [0x00000000f7780000,0x00000000f7780000,0x00000000fba00000)
 ParOldGen       total 228864K, used 180680K [0x00000000a0000000, 0x00000000adf80000, 0x00000000e0000000)
  object space 228864K, 78% used [0x00000000a0000000,0x00000000ab0722f0,0x00000000adf80000)
 Metaspace       used 116444K, capacity 122970K, committed 123136K, reserved 1157120K
  class space    used 14836K, capacity 16305K, committed 16384K, reserved 1048576K
Event: 1403.600 GC heap after
Heap after GC invocations=24 (full 5):
 PSYoungGen      total 395776K, used 11228K [0x00000000e0000000, 0x00000000ff980000, 0x0000000100000000)
  eden space 384512K, 0% used [0x00000000e0000000,0x00000000e0000000,0x00000000f7780000)
  from space 11264K, 99% used [0x00000000f7780000,0x00000000f82772c0,0x00000000f8280000)
  to   space 66560K, 0% used [0x00000000fb880000,0x00000000fb880000,0x00000000ff980000)
 ParOldGen       total 228864K, used 181873K [0x00000000a0000000, 0x00000000adf80000, 0x00000000e0000000)
  object space 228864K, 79% used [0x00000000a0000000,0x00000000ab19c400,0x00000000adf80000)
 Metaspace       used 116444K, capacity 122970K, committed 123136K, reserved 1157120K
  class space    used 14836K, capacity 16305K, committed 16384K, reserved 1048576K
}
Event: 2281.252 GC heap before
{Heap before GC invocations=25 (full 5):
 PSYoungGen      total 395776K, used 395740K [0x00000000e0000000, 0x00000000ff980000, 0x0000000100000000)
  eden space 384512K, 100% used [0x00000000e0000000,0x00000000f7780000,0x00000000f7780000)
  from space 11264K, 99% used [0x00000000f7780000,0x00000000f82772c0,0x00000000f8280000)
  to   space 66560K, 0% used [0x00000000fb880000,0x00000000fb880000,0x00000000ff980000)
 ParOldGen       total 228864K, used 181873K [0x00000000a0000000, 0x00000000adf80000, 0x00000000e0000000)
  object space 228864K, 79% used [0x00000000a0000000,0x00000000ab19c400,0x00000000adf80000)
 Metaspace       used 117711K, capacity 124488K, committed 124544K, reserved 1157120K
  class space    used 14948K, capacity 16462K, committed 16512K, reserved 1048576K
Event: 2281.367 GC heap after
Heap after GC invocations=25 (full 5):
 PSYoungGen      total 431104K, used 66546K [0x00000000e0000000, 0x0000000100000000, 0x0000000100000000)
  eden space 364544K, 0% used [0x00000000e0000000,0x00000000e0000000,0x00000000f6400000)
  from space 66560K, 99% used [0x00000000fb880000,0x00000000ff97c8b8,0x00000000ff980000)
  to   space 79872K, 0% used [0x00000000f6400000,0x00000000f6400000,0x00000000fb200000)
 ParOldGen       total 228864K, used 187060K [0x00000000a0000000, 0x00000000adf80000, 0x00000000e0000000)
  object space 228864K, 81% used [0x00000000a0000000,0x00000000ab6ad3f8,0x00000000adf80000)
 Metaspace       used 117711K, capacity 124488K, committed 124544K, reserved 1157120K
  class space    used 14948K, capacity 16462K, committed 16512K, reserved 1048576K
}
Event: 3463.579 GC heap before
{Heap before GC invocations=26 (full 5):
 PSYoungGen      total 431104K, used 431090K [0x00000000e0000000, 0x0000000100000000, 0x0000000100000000)
  eden space 364544K, 100% used [0x00000000e0000000,0x00000000f6400000,0x00000000f6400000)
  from space 66560K, 99% used [0x00000000fb880000,0x00000000ff97c8b8,0x00000000ff980000)
  to   space 79872K, 0% used [0x00000000f6400000,0x00000000f6400000,0x00000000fb200000)
 ParOldGen       total 228864K, used 187060K [0x00000000a0000000, 0x00000000adf80000, 0x00000000e0000000)
  object space 228864K, 81% used [0x00000000a0000000,0x00000000ab6ad3f8,0x00000000adf80000)
 Metaspace       used 119402K, capacity 126472K, committed 126592K, reserved 1159168K
  class space    used 15074K, capacity 16666K, committed 16768K, reserved 1048576K
Event: 3463.842 GC heap after
Heap after GC invocations=26 (full 5):
 PSYoungGen      total 444416K, used 43496K [0x00000000e0000000, 0x0000000100000000, 0x0000000100000000)
  eden space 364544K, 0% used [0x00000000e0000000,0x00000000e0000000,0x00000000f6400000)
  from space 79872K, 54% used [0x00000000f6400000,0x00000000f8e7a320,0x00000000fb200000)
  to   space 79872K, 0% used [0x00000000fb200000,0x00000000fb200000,0x0000000100000000)
 ParOldGen       total 240128K, used 239490K [0x00000000a0000000, 0x00000000aea80000, 0x00000000e0000000)
  object space 240128K, 99% used [0x00000000a0000000,0x00000000ae9e0bd8,0x00000000aea80000)
 Metaspace       used 119402K, capacity 126472K, committed 126592K, reserved 1159168K
  class space    used 15074K, capacity 16666K, committed 16768K, reserved 1048576K
}
Event: 3463.842 GC heap before
{Heap before GC invocations=27 (full 6):
 PSYoungGen      total 444416K, used 43496K [0x00000000e0000000, 0x0000000100000000, 0x0000000100000000)
  eden space 364544K, 0% used [0x00000000e0000000,0x00000000e0000000,0x00000000f6400000)
  from space 79872K, 54% used [0x00000000f6400000,0x00000000f8e7a320,0x00000000fb200000)
  to   space 79872K, 0% used [0x00000000fb200000,0x00000000fb200000,0x0000000100000000)
 ParOldGen       total 240128K, used 239490K [0x00000000a0000000, 0x00000000aea80000, 0x00000000e0000000)
  object space 240128K, 99% used [0x00000000a0000000,0x00000000ae9e0bd8,0x00000000aea80000)
 Metaspace       used 119402K, capacity 126472K, committed 126592K, reserved 1159168K
  class space    used 15074K, capacity 16666K, committed 16768K, reserved 1048576K
Event: 3464.492 GC heap after
Heap after GC invocations=27 (full 6):
 PSYoungGen      total 444416K, used 0K [0x00000000e0000000, 0x0000000100000000, 0x0000000100000000)
  eden space 364544K, 0% used [0x00000000e0000000,0x00000000e0000000,0x00000000f6400000)
  from space 79872K, 0% used [0x00000000f6400000,0x00000000f6400000,0x00000000fb200000)
  to   space 79872K, 0% used [0x00000000fb200000,0x00000000fb200000,0x0000000100000000)
 ParOldGen       total 228864K, used 117420K [0x00000000a0000000, 0x00000000adf80000, 0x00000000e0000000)
  object space 228864K, 51% used [0x00000000a0000000,0x00000000a72ab2d8,0x00000000adf80000)
 Metaspace       used 115754K, capacity 121688K, committed 126592K, reserved 1159168K
  class space    used 14511K, capacity 15846K, committed 16768K, reserved 1048576K
}

